{"tag": "function", "depth": 2, "time": 1626947343.100262, "data": {"name": "try_log_screen", "call_args": {"screen": null, "quality": null, "max_size": null}, "start_time": 1626947342.2791831, "ret": {"screen": "1626947343086.jpg", "resolution": [720, 1280]}, "end_time": 1626947343.100236}}
{"tag": "info", "depth": 1, "time": 1626947343.100897, "data": {"name": "Final Error", "traceback": "Traceback (most recent call last):\n  File \"/Library/Frameworks/Python.framework/Versions/3.6/lib/python3.6/site-packages/poco/proxy.py\", line 26, in wrapped\n    proxy.wait_for_appearance(timeout=proxy.poco._pre_action_wait_for_appearance)\n  File \"/Library/Frameworks/Python.framework/Versions/3.6/lib/python3.6/site-packages/poco/proxy.py\", line 681, in wait_for_appearance\n    raise PocoTargetTimeout('appearance', self)\npoco.exceptions.PocoTargetTimeout: Waiting timeout for appearance of \"UIObjectProxy of \"com.touchtv.leizhou:id/collect\"\"\n\nDuring handling of the above exception, another exception occurred:\n\nTraceback (most recent call last):\n  File \"/Library/Frameworks/Python.framework/Versions/3.6/lib/python3.6/site-packages/airtest/cli/runner.py\", line 70, in runTest\n    exec(compile(code.encode(\"utf-8\"), pyfilepath, 'exec'), self.scope)\n  File \"/Users/guokairong/Downloads/media-airtest/News_Collect-15.air/News_Collect-15.py\", line 9, in <module>\n    poco(\"com.touchtv.leizhou:id/collect\").click()\n  File \"/Library/Frameworks/Python.framework/Versions/3.6/lib/python3.6/site-packages/poco/proxy.py\", line 29, in wrapped\n    raise e\n  File \"/Library/Frameworks/Python.framework/Versions/3.6/lib/python3.6/site-packages/poco/proxy.py\", line 23, in wrapped\n    return func(proxy, *args, **kwargs)\n  File \"/Library/Frameworks/Python.framework/Versions/3.6/lib/python3.6/site-packages/poco/proxy.py\", line 332, in click\n    pos_in_percentage = self.get_position(focus)\n  File \"/Library/Frameworks/Python.framework/Versions/3.6/lib/python3.6/site-packages/poco/proxy.py\", line 72, in wrapped\n    return func(proxy, *args, **kwargs)\n  File \"/Library/Frameworks/Python.framework/Versions/3.6/lib/python3.6/site-packages/poco/proxy.py\", line 613, in get_position\n    pos = self.attr('pos')\n  File \"/Library/Frameworks/Python.framework/Versions/3.6/lib/python3.6/site-packages/poco/proxy.py\", line 39, in wrapped\n    return func(self, *args, **kwargs)\n  File \"/Library/Frameworks/Python.framework/Versions/3.6/lib/python3.6/site-packages/poco/proxy.py\", line 734, in attr\n    nodes = self._do_query(multiple=False)\n  File \"/Library/Frameworks/Python.framework/Versions/3.6/lib/python3.6/site-packages/poco/proxy.py\", line 874, in _do_query\n    raise PocoNoSuchNodeException(self)\npoco.exceptions.PocoNoSuchNodeException: Cannot find any visible node by query UIObjectProxy of \"com.touchtv.leizhou:id/collect\"\n"}}
{"tag": "function", "depth": 1, "time": 1626947346.127907, "data": {"name": "sleep", "call_args": {"secs": 3}, "start_time": 1626947343.122429, "ret": null, "end_time": 1626947346.1278}}
